<?xml version="1.0" encoding="UTF-8"?>
<testng-results skipped="0" failed="0" ignored="0" total="1" passed="1">
  <reporter-output>
    <line>
      <![CDATA[Welcome to  Home page]]>
    </line>
    <line>
      <![CDATA[Welcome to  Login page ]]>
    </line>
  </reporter-output>
  <suite name="Suite" duration-ms="5397" started-at="2022-03-30T17:45:29Z" finished-at="2022-03-30T17:45:35Z">
    <groups>
    </groups>
    <test name="Test" duration-ms="5397" started-at="2022-03-30T17:45:29Z" finished-at="2022-03-30T17:45:35Z">
      <class name="com.ibanking.testcases.TC_login01">
        <test-method status="PASS" signature="beforeClass()[pri:0, instance:com.ibanking.testcases.TC_login01@7bba5817]" name="beforeClass" is-config="true" duration-ms="3398" started-at="2022-03-30T17:45:29Z" finished-at="2022-03-30T17:45:33Z">
          <reporter-output>
            <line>
              <![CDATA[Welcome to  Home page]]>
            </line>
          </reporter-output>
        </test-method> <!-- beforeClass -->
        <test-method status="PASS" signature="LoginTest(java.lang.String, java.lang.String)[pri:0, instance:com.ibanking.testcases.TC_login01@7bba5817]" name="LoginTest" duration-ms="927" started-at="2022-03-30T17:45:33Z" data-provider="Login" finished-at="2022-03-30T17:45:34Z">
          <params>
            <param index="0">
              <value>
                <![CDATA[mngr392579]]>
              </value>
            </param>
            <param index="1">
              <value>
                <![CDATA[UtynatY]]>
              </value>
            </param>
          </params>
          <reporter-output>
            <line>
              <![CDATA[Welcome to  Login page ]]>
            </line>
          </reporter-output>
        </test-method> <!-- LoginTest -->
        <test-method status="PASS" signature="afterClass()[pri:0, instance:com.ibanking.testcases.TC_login01@7bba5817]" name="afterClass" is-config="true" duration-ms="651" started-at="2022-03-30T17:45:34Z" finished-at="2022-03-30T17:45:35Z">
          <reporter-output>
          </reporter-output>
        </test-method> <!-- afterClass -->
      </class> <!-- com.ibanking.testcases.TC_login01 -->
    </test> <!-- Test -->
  </suite> <!-- Suite -->
</testng-results>
